<?xml version="1.0" encoding="UTF-8"?>
<!-- Generated by org.testng.reporters.JUnitReportReporter -->
<testsuite hostname="Mohammad-Aqel" failures="0" tests="3" name="MyTestCases" time="25.634" errors="0" timestamp="2024-01-14T09:41:27 EET" skipped="0">
  <testcase classname="MyTestCases" name="addtwoitmes" time="11.299"/>
  <system-out/>
  <testcase classname="MyTestCases" name="addthreeitmes" time="10.673"/>
  <system-out/>
  <testcase classname="MyTestCases" name="addfouritmes" time="3.662"/>
  <system-out/>
</testsuite> <!-- MyTestCases -->
